-------------------------------------------------------------------------------
Test set: pl.edu.pjatk.tau.service.ComputerServiceTest
-------------------------------------------------------------------------------
Tests run: 10, Failures: 0, Errors: 10, Skipped: 0, Time elapsed: 0.217 s <<< FAILURE! - in pl.edu.pjatk.tau.service.ComputerServiceTest
addingTest(pl.edu.pjatk.tau.service.ComputerServiceTest)  Time elapsed: 0.043 s  <<< ERROR!
org.dbunit.assertion.DbAssertionFailedError: driverClass is null
	at pl.edu.pjatk.tau.service.ComputerServiceTest.setUp(ComputerServiceTest.java:61)

addingTest(pl.edu.pjatk.tau.service.ComputerServiceTest)  Time elapsed: 0.044 s  <<< ERROR!
org.dbunit.assertion.DbAssertionFailedError: driverClass is null
	at pl.edu.pjatk.tau.service.ComputerServiceTest.tearDown(ComputerServiceTest.java:67)

updateTest(pl.edu.pjatk.tau.service.ComputerServiceTest)  Time elapsed: 0.009 s  <<< ERROR!
org.dbunit.assertion.DbAssertionFailedError: driverClass is null
	at pl.edu.pjatk.tau.service.ComputerServiceTest.setUp(ComputerServiceTest.java:61)

updateTest(pl.edu.pjatk.tau.service.ComputerServiceTest)  Time elapsed: 0.01 s  <<< ERROR!
org.dbunit.assertion.DbAssertionFailedError: driverClass is null
	at pl.edu.pjatk.tau.service.ComputerServiceTest.tearDown(ComputerServiceTest.java:67)

getComputerTest(pl.edu.pjatk.tau.service.ComputerServiceTest)  Time elapsed: 0 s  <<< ERROR!
org.dbunit.assertion.DbAssertionFailedError: driverClass is null
	at pl.edu.pjatk.tau.service.ComputerServiceTest.setUp(ComputerServiceTest.java:61)

getComputerTest(pl.edu.pjatk.tau.service.ComputerServiceTest)  Time elapsed: 0 s  <<< ERROR!
org.dbunit.assertion.DbAssertionFailedError: driverClass is null
	at pl.edu.pjatk.tau.service.ComputerServiceTest.tearDown(ComputerServiceTest.java:67)

checkConnection(pl.edu.pjatk.tau.service.ComputerServiceTest)  Time elapsed: 0 s  <<< ERROR!
org.dbunit.assertion.DbAssertionFailedError: driverClass is null
	at pl.edu.pjatk.tau.service.ComputerServiceTest.setUp(ComputerServiceTest.java:61)

checkConnection(pl.edu.pjatk.tau.service.ComputerServiceTest)  Time elapsed: 0.001 s  <<< ERROR!
org.dbunit.assertion.DbAssertionFailedError: driverClass is null
	at pl.edu.pjatk.tau.service.ComputerServiceTest.tearDown(ComputerServiceTest.java:67)

deleteTest(pl.edu.pjatk.tau.service.ComputerServiceTest)  Time elapsed: 0.001 s  <<< ERROR!
org.dbunit.assertion.DbAssertionFailedError: driverClass is null
	at pl.edu.pjatk.tau.service.ComputerServiceTest.setUp(ComputerServiceTest.java:61)

deleteTest(pl.edu.pjatk.tau.service.ComputerServiceTest)  Time elapsed: 0.002 s  <<< ERROR!
org.dbunit.assertion.DbAssertionFailedError: driverClass is null
	at pl.edu.pjatk.tau.service.ComputerServiceTest.tearDown(ComputerServiceTest.java:67)

