<?xml version="1.0" encoding="UTF-8"?>
<testsuite xmlns:xsi="http://www.w3.org/2001/XMLSchema-instance" xsi:noNamespaceSchemaLocation="https://maven.apache.org/surefire/maven-surefire-plugin/xsd/surefire-test-report.xsd" name="pl.edu.pjatk.tau.service.ComputerServiceTest" time="0.217" tests="10" errors="10" skipped="0" failures="0">
  <properties>
[...]
</properties>
  <testcase name="addingTest" classname="pl.edu.pjatk.tau.service.ComputerServiceTest" time="0.043">
    <error message="driverClass is null" type="org.dbunit.assertion.DbAssertionFailedError">org.dbunit.assertion.DbAssertionFailedError: driverClass is null
	at pl.edu.pjatk.tau.service.ComputerServiceTest.setUp(ComputerServiceTest.java:61)
</error>
    <system-err><![CDATA[SLF4J: Failed to load class "org.slf4j.impl.StaticLoggerBinder".
SLF4J: Defaulting to no-operation (NOP) logger implementation
SLF4J: See http://www.slf4j.org/codes.html#StaticLoggerBinder for further details.
]]></system-err>
  </testcase>
  <testcase name="addingTest" classname="pl.edu.pjatk.tau.service.ComputerServiceTest" time="0.044">
    <error message="driverClass is null" type="org.dbunit.assertion.DbAssertionFailedError">org.dbunit.assertion.DbAssertionFailedError: driverClass is null
	at pl.edu.pjatk.tau.service.ComputerServiceTest.tearDown(ComputerServiceTest.java:67)
</error>
  </testcase>
  <testcase name="updateTest" classname="pl.edu.pjatk.tau.service.ComputerServiceTest" time="0.009">
    <error message="driverClass is null" type="org.dbunit.assertion.DbAssertionFailedError">org.dbunit.assertion.DbAssertionFailedError: driverClass is null
	at pl.edu.pjatk.tau.service.ComputerServiceTest.setUp(ComputerServiceTest.java:61)
</error>
  </testcase>
  <testcase name="updateTest" classname="pl.edu.pjatk.tau.service.ComputerServiceTest" time="0.01">
    <error message="driverClass is null" type="org.dbunit.assertion.DbAssertionFailedError">org.dbunit.assertion.DbAssertionFailedError: driverClass is null
	at pl.edu.pjatk.tau.service.ComputerServiceTest.tearDown(ComputerServiceTest.java:67)
</error>
  </testcase>
  <testcase name="getComputerTest" classname="pl.edu.pjatk.tau.service.ComputerServiceTest" time="0">
    <error message="driverClass is null" type="org.dbunit.assertion.DbAssertionFailedError">org.dbunit.assertion.DbAssertionFailedError: driverClass is null
	at pl.edu.pjatk.tau.service.ComputerServiceTest.setUp(ComputerServiceTest.java:61)
</error>
  </testcase>
  <testcase name="getComputerTest" classname="pl.edu.pjatk.tau.service.ComputerServiceTest" time="0">
    <error message="driverClass is null" type="org.dbunit.assertion.DbAssertionFailedError">org.dbunit.assertion.DbAssertionFailedError: driverClass is null
	at pl.edu.pjatk.tau.service.ComputerServiceTest.tearDown(ComputerServiceTest.java:67)
</error>
  </testcase>
  <testcase name="checkConnection" classname="pl.edu.pjatk.tau.service.ComputerServiceTest" time="0">
    <error message="driverClass is null" type="org.dbunit.assertion.DbAssertionFailedError">org.dbunit.assertion.DbAssertionFailedError: driverClass is null
	at pl.edu.pjatk.tau.service.ComputerServiceTest.setUp(ComputerServiceTest.java:61)
</error>
  </testcase>
  <testcase name="checkConnection" classname="pl.edu.pjatk.tau.service.ComputerServiceTest" time="0.001">
    <error message="driverClass is null" type="org.dbunit.assertion.DbAssertionFailedError">org.dbunit.assertion.DbAssertionFailedError: driverClass is null
	at pl.edu.pjatk.tau.service.ComputerServiceTest.tearDown(ComputerServiceTest.java:67)
</error>
  </testcase>
  <testcase name="deleteTest" classname="pl.edu.pjatk.tau.service.ComputerServiceTest" time="0.001">
    <error message="driverClass is null" type="org.dbunit.assertion.DbAssertionFailedError">org.dbunit.assertion.DbAssertionFailedError: driverClass is null
	at pl.edu.pjatk.tau.service.ComputerServiceTest.setUp(ComputerServiceTest.java:61)
</error>
  </testcase>
  <testcase name="deleteTest" classname="pl.edu.pjatk.tau.service.ComputerServiceTest" time="0.002">
    <error message="driverClass is null" type="org.dbunit.assertion.DbAssertionFailedError">org.dbunit.assertion.DbAssertionFailedError: driverClass is null
	at pl.edu.pjatk.tau.service.ComputerServiceTest.tearDown(ComputerServiceTest.java:67)
</error>
  </testcase>
</testsuite>